<?xml version="1.0" encoding="UTF-8"?>
<testng-results skipped="0" failed="0" total="1" passed="1">
  <reporter-output>
  </reporter-output>
  <suite name="Default suite" duration-ms="26706" started-at="2015-10-07T22:37:38Z" finished-at="2015-10-07T22:38:05Z">
    <groups>
    </groups>
    <test name="Default test" duration-ms="26706" started-at="2015-10-07T22:37:38Z" finished-at="2015-10-07T22:38:05Z">
      <class name="mf.client.VisitorPageTest">
        <test-method status="PASS" signature="test1()[pri:0, instance:mf.client.VisitorPageTest@f7fe8e]" name="test1" duration-ms="26626" started-at="2015-10-07T18:37:38Z" finished-at="2015-10-07T18:38:05Z">
          <reporter-output>
          </reporter-output>
        </test-method> <!-- test1 -->
      </class> <!-- mf.client.VisitorPageTest -->
    </test> <!-- Default test -->
  </suite> <!-- Default suite -->
</testng-results>
