<?xml version="1.0" encoding="UTF-8"?>
<testng-results skipped="0" failed="1" total="1" passed="0">
  <reporter-output>
  </reporter-output>
  <suite name="Default suite" duration-ms="125" started-at="2015-09-15T01:19:00Z" finished-at="2015-09-15T01:19:00Z">
    <groups>
    </groups>
    <test name="Default test" duration-ms="125" started-at="2015-09-15T01:19:00Z" finished-at="2015-09-15T01:19:00Z">
      <class name="mf.cliente.VisitorPageTest">
        <test-method status="FAIL" signature="test1()[pri:0, instance:mf.cliente.VisitorPageTest@f7fe8e]" name="test1" duration-ms="110" started-at="2015-09-14T21:19:00Z" finished-at="2015-09-14T21:19:00Z">
          <exception class="java.lang.ExceptionInInitializerError">
            <full-stacktrace>
              <![CDATA[java.lang.ExceptionInInitializerError
	at com.opera.core.systems.OperaSettings$Capability$7.getDefaultValue(OperaSettings.java:257)
	at com.opera.core.systems.OperaSettings$Capability$7.getDefaultValue(OperaSettings.java:251)
	at com.opera.core.systems.OperaSettings$CapabilityInstance.<init>(OperaSettings.java:669)
	at com.opera.core.systems.OperaSettings.<init>(OperaSettings.java:706)
	at com.opera.core.systems.OperaDriver.<init>(OperaDriver.java:153)
	at map.adaptee.Opera.openOpera(Opera.java:16)
	at map.adapter.OperaAdapter.launchBrowser(OperaAdapter.java:20)
	at mfp.fabricaConcreta.webFactoryPattern.buildBrowser(webFactoryPattern.java:121)
	at mf.cliente.VisitorPageTest.test1(VisitorPageTest.java:18)
	at sun.reflect.NativeMethodAccessorImpl.invoke0(Native Method)
	at sun.reflect.NativeMethodAccessorImpl.invoke(Unknown Source)
	at sun.reflect.DelegatingMethodAccessorImpl.invoke(Unknown Source)
	at java.lang.reflect.Method.invoke(Unknown Source)
	at org.testng.internal.MethodInvocationHelper.invokeMethod(MethodInvocationHelper.java:85)
	at org.testng.internal.Invoker.invokeMethod(Invoker.java:659)
	at org.testng.internal.Invoker.invokeTestMethod(Invoker.java:845)
	at org.testng.internal.Invoker.invokeTestMethods(Invoker.java:1153)
	at org.testng.internal.TestMethodWorker.invokeTestMethods(TestMethodWorker.java:124)
	at org.testng.internal.TestMethodWorker.run(TestMethodWorker.java:108)
	at org.testng.TestRunner.privateRun(TestRunner.java:771)
	at org.testng.TestRunner.run(TestRunner.java:621)
	at org.testng.SuiteRunner.runTest(SuiteRunner.java:357)
	at org.testng.SuiteRunner.runSequentially(SuiteRunner.java:352)
	at org.testng.SuiteRunner.privateRun(SuiteRunner.java:310)
	at org.testng.SuiteRunner.run(SuiteRunner.java:259)
	at org.testng.SuiteRunnerWorker.runSuite(SuiteRunnerWorker.java:52)
	at org.testng.SuiteRunnerWorker.run(SuiteRunnerWorker.java:86)
	at org.testng.TestNG.runSuitesSequentially(TestNG.java:1199)
	at org.testng.TestNG.runSuitesLocally(TestNG.java:1124)
	at org.testng.TestNG.run(TestNG.java:1032)
	at org.testng.remote.RemoteTestNG.run(RemoteTestNG.java:111)
	at org.testng.remote.RemoteTestNG.initAndRun(RemoteTestNG.java:204)
	at org.testng.remote.RemoteTestNG.main(RemoteTestNG.java:175)
Caused by: org.openqa.selenium.WebDriverException: Could not find a platform that supports bundled launchers, please set it manually
Build info: version: '2.37.0', revision: 'a7c61cb', time: '2013-10-18 17:14:00'
System info: host: 'hp', ip: '192.168.5.1', os.name: 'Windows 8.1', os.arch: 'x86', os.version: '6.3', java.version: '1.8.0_45'
Driver info: driver.version: OperaDriver
	at com.opera.core.systems.runner.launcher.OperaLauncherRunner.launcherNameForOS(OperaLauncherRunner.java:539)
	at com.opera.core.systems.runner.launcher.OperaLauncherRunner.<clinit>(OperaLauncherRunner.java:76)
	... 33 more
]]>
            </full-stacktrace>
          </exception> <!-- java.lang.ExceptionInInitializerError -->
          <reporter-output>
          </reporter-output>
        </test-method> <!-- test1 -->
      </class> <!-- mf.cliente.VisitorPageTest -->
    </test> <!-- Default test -->
  </suite> <!-- Default suite -->
</testng-results>
