<?xml version="1.0" encoding="UTF-8"?>
<testng-results skipped="0" failed="0" total="1" passed="1">
  <reporter-output>
  </reporter-output>
  <suite name="Default suite" duration-ms="26977" started-at="2015-10-07T22:48:10Z" finished-at="2015-10-07T22:48:37Z">
    <groups>
    </groups>
    <test name="Default test" duration-ms="26977" started-at="2015-10-07T22:48:10Z" finished-at="2015-10-07T22:48:37Z">
      <class name="mf.client.sampleTest">
        <test-method status="PASS" signature="testRegister()[pri:0, instance:mf.client.sampleTest@f7fe8e]" name="testRegister" duration-ms="26967" started-at="2015-10-07T18:48:10Z" finished-at="2015-10-07T18:48:37Z">
          <reporter-output>
          </reporter-output>
        </test-method> <!-- testRegister -->
      </class> <!-- mf.client.sampleTest -->
    </test> <!-- Default test -->
  </suite> <!-- Default suite -->
</testng-results>
